<?xml version="1.0" encoding="UTF-8"?>
<!-- Generated by org.testng.reporters.JUnitReportReporter -->
<testsuite hostname="MohamedAbdulkadars-MacBook-Pro.local" name="com.demo.test.LoginTest" tests="1" failures="0" timestamp="12 Aug 2018 07:04:53 GMT" time="4.129" errors="0">
  <testcase name="loginTest" time="4.129" classname="com.demo.test.LoginTest"/>
</testsuite> <!-- com.demo.test.LoginTest -->
